<?xml version="1.0" encoding="UTF-8"?>
<!-- Generated by org.testng.reporters.JUnitXMLReporter -->
<testsuite ignored="0" hostname="LAPTOP-KL5AJ47R" failures="0" tests="1" name="Test-Runner1" time="81.546" errors="0" timestamp="2022-11-09T20:09:39 IST">
  <testcase classname="vtiger.CreateNewOrganizationTest" name="createOrg" time="39.134"/>
</testsuite> <!-- Test-Runner1 -->
