<?xml version="1.0" encoding="UTF-8"?>
<!-- Generated by org.testng.reporters.JUnitXMLReporter -->
<testsuite ignored="0" hostname="LAPTOP-KL5AJ47R" failures="0" tests="1" name="Test-Runner-chrome" time="13.037" errors="0" timestamp="2022-11-10T17:46:49 IST">
  <testcase classname="vtiger.CreateNewOrganizationTest" name="createOrg" time="7.557"/>
</testsuite> <!-- Test-Runner-chrome -->
