<?xml version="1.0" encoding="UTF-8"?>
<!-- Generated by org.testng.reporters.JUnitXMLReporter -->
<testsuite ignored="0" hostname="LAPTOP-KL5AJ47R" failures="0" tests="4" name="Test-Runner2" time="96.579" errors="0" timestamp="2022-11-09T20:09:54 IST">
  <testcase classname="vtiger.CreateNewContactTest" name="createContact" time="38.951"/>
  <testcase classname="vtiger.CreateNewContactTest" name="createName" time="0.002"/>
  <testcase classname="vtiger.CreateNewContactTest" name="createPerson" time="0.002"/>
  <testcase classname="vtiger.CreateNewContactTest" name="createPersonWithPhoneNum" time="0.003"/>
</testsuite> <!-- Test-Runner2 -->
