<?xml version="1.0" encoding="UTF-8"?>
<!-- Generated by org.testng.reporters.JUnitReportReporter -->
<testsuite hostname="LAPTOP-KL5AJ47R" failures="0" tests="3" name="vtiger.TestNGPractise" time="0.011" errors="0" timestamp="2022-11-02T13:02:09 IST" skipped="0">
  <testcase classname="vtiger.TestNGPractise" name="deleteCustomer" time="0.001"/>
  <system-out/>
  <testcase classname="vtiger.TestNGPractise" name="modifyCustomer" time="0.001"/>
  <system-out/>
  <testcase classname="vtiger.TestNGPractise" name="createCustomer" time="0.009"/>
  <system-out/>
</testsuite> <!-- vtiger.TestNGPractise -->
