<?xml version="1.0" encoding="UTF-8"?>
<!-- Generated by org.testng.reporters.JUnitReportReporter -->
<testsuite hostname="LAPTOP-KL5AJ47R" failures="0" tests="1" name="vtiger.ContactsTests.CreateContactWithOrganisationTest" time="21.226" errors="0" timestamp="2022-11-08T13:11:43 IST" skipped="0">
  <testcase classname="vtiger.ContactsTests.CreateContactWithOrganisationTest" name="createContactWithOrg" time="21.226"/>
  <system-out/>
</testsuite> <!-- vtiger.ContactsTests.CreateContactWithOrganisationTest -->
