<?xml version="1.0" encoding="UTF-8"?>
<!-- Generated by org.testng.reporters.JUnitReportReporter -->
<testsuite hostname="LAPTOP-KL5AJ47R" failures="0" tests="2" name="vtiger.DemoCreateContactWithOrg" time="18.169" errors="0" timestamp="2022-11-08T11:22:02 IST" skipped="0">
  <testcase classname="vtiger.DemoCreateContactWithOrg" name="contact" time="9.791"/>
  <system-out/>
  <testcase classname="vtiger.DemoCreateContactWithOrg" name="org" time="8.378"/>
  <system-out/>
</testsuite> <!-- vtiger.DemoCreateContactWithOrg -->
