<?xml version="1.0" encoding="UTF-8"?>
<!-- Generated by org.testng.reporters.JUnitReportReporter -->
<testsuite hostname="LAPTOP-KL5AJ47R" failures="0" tests="1" name="vtiger.ResdDataFromCMDLineTest" time="0.010" errors="0" timestamp="2022-11-17T20:36:35 IST" skipped="0">
  <testcase classname="vtiger.ResdDataFromCMDLineTest" name="readData" time="0.010"/>
  <system-out/>
</testsuite> <!-- vtiger.ResdDataFromCMDLineTest -->
