<?xml version="1.0" encoding="UTF-8"?>
<!-- Generated by org.testng.reporters.JUnitReportReporter -->
<testsuite hostname="LAPTOP-KL5AJ47R" failures="0" tests="4" name="vtiger.ContactsTests.MultipleOrganizationWithIndustry" time="0.008" errors="0" timestamp="2022-11-03T13:33:15 IST" skipped="0">
  <testcase classname="vtiger.ContactsTests.MultipleOrganizationWithIndustry" name="addOrgAndInd" time="0.000"/>
  <system-out/>
  <testcase classname="vtiger.ContactsTests.MultipleOrganizationWithIndustry" name="addOrgAndInd" time="0.000"/>
  <system-out/>
  <testcase classname="vtiger.ContactsTests.MultipleOrganizationWithIndustry" name="addOrgAndInd" time="0.001"/>
  <system-out/>
  <testcase classname="vtiger.ContactsTests.MultipleOrganizationWithIndustry" name="addOrgAndInd" time="0.007"/>
  <system-out/>
</testsuite> <!-- vtiger.ContactsTests.MultipleOrganizationWithIndustry -->
