<?xml version="1.0" encoding="UTF-8"?>
<!-- Generated by org.testng.reporters.JUnitReportReporter -->
<testsuite hostname="LAPTOP-KL5AJ47R" failures="0" tests="3" name="vtiger.ContactsTests.DataProviderPractise" time="0.019" errors="0" timestamp="2022-11-03T11:26:13 IST" skipped="0">
  <testcase classname="vtiger.ContactsTests.DataProviderPractise" name="addProductToCartTest" time="0.001"/>
  <system-out/>
  <testcase classname="vtiger.ContactsTests.DataProviderPractise" name="addProductToCartTest" time="0.002"/>
  <system-out/>
  <testcase classname="vtiger.ContactsTests.DataProviderPractise" name="addProductToCartTest" time="0.016"/>
  <system-out/>
</testsuite> <!-- vtiger.ContactsTests.DataProviderPractise -->
