<?xml version="1.0" encoding="UTF-8"?>
<!-- Generated by org.testng.reporters.JUnitReportReporter -->
<testsuite hostname="LAPTOP-KL5AJ47R" failures="0" tests="2" name="vtiger.DemoCreateContact" time="20.378" errors="0" timestamp="2022-11-08T11:22:02 IST" skipped="0">
  <testcase classname="vtiger.DemoCreateContact" name="contactName" time="9.922"/>
  <system-out/>
  <testcase classname="vtiger.DemoCreateContact" name="createContact" time="10.456"/>
  <system-out/>
</testsuite> <!-- vtiger.DemoCreateContact -->
