<?xml version="1.0" encoding="UTF-8"?>
<!-- Generated by org.testng.reporters.JUnitReportReporter -->
<testsuite hostname="LAPTOP-KL5AJ47R" failures="0" tests="1" name="vtiger.ContactsTests.CreateContactTest" time="16.736" errors="0" timestamp="2022-11-05T15:32:51 IST" skipped="0">
  <testcase classname="vtiger.ContactsTests.CreateContactTest" name="createContact" time="16.736"/>
  <system-out/>
</testsuite> <!-- vtiger.ContactsTests.CreateContactTest -->
