<?xml version="1.0" encoding="UTF-8"?>
<!-- Generated by org.testng.reporters.JUnitReportReporter -->
<testsuite hostname="LAPTOP-KL5AJ47R" failures="0" tests="1" name="vtiger.CreateNewOrganizationTest" time="14.777" errors="0" timestamp="2022-11-16T21:52:27 IST" skipped="0">
  <testcase classname="vtiger.CreateNewOrganizationTest" name="createOrg" time="14.777"/>
  <system-out/>
</testsuite> <!-- vtiger.CreateNewOrganizationTest -->
