<?xml version="1.0" encoding="UTF-8"?>
<!-- Generated by org.testng.reporters.JUnitReportReporter -->
<testsuite hostname="LAPTOP-KL5AJ47R" failures="0" tests="4" name="vtiger.CreateNewContactTest" time="67.802" errors="0" timestamp="2022-11-10T19:39:33 IST" skipped="0">
  <testcase classname="vtiger.CreateNewContactTest" name="createName" time="10.780"/>
  <system-out/>
  <testcase classname="vtiger.CreateNewContactTest" name="createContact" time="35.745"/>
  <system-out/>
  <testcase classname="vtiger.CreateNewContactTest" name="createPerson" time="10.699"/>
  <system-out/>
  <testcase classname="vtiger.CreateNewContactTest" name="createPersonWithPhoneNum" time="10.578"/>
  <system-out/>
</testsuite> <!-- vtiger.CreateNewContactTest -->
