<?xml version="1.0" encoding="UTF-8"?>
<!-- Generated by org.testng.reporters.JUnitReportReporter -->
<testsuite hostname="LAPTOP-KL5AJ47R" failures="0" tests="2" name="vtiger.DemoCreateOrg" time="17.409" errors="0" timestamp="2022-11-08T11:22:02 IST" skipped="0">
  <testcase classname="vtiger.DemoCreateOrg" name="orgNameCreated" time="8.857"/>
  <system-out/>
  <testcase classname="vtiger.DemoCreateOrg" name="createOrg" time="8.552"/>
  <system-out/>
</testsuite> <!-- vtiger.DemoCreateOrg -->
