<?xml version="1.0" encoding="UTF-8"?>
<!-- Generated by org.testng.reporters.JUnitReportReporter -->
<testsuite hostname="LAPTOP-KL5AJ47R" failures="0" tests="1" name="vtiger.AssertCreateOrg" time="15.370" errors="0" timestamp="2022-11-10T21:11:07 IST" skipped="0">
  <testcase classname="vtiger.AssertCreateOrg" name="createOrg" time="15.370"/>
  <system-out/>
</testsuite> <!-- vtiger.AssertCreateOrg -->
